=== Task 10 Review-Remediation Evidence ===
Date: 2026-07-18T18:03:34Z

## Files created/modified
- internal/storage/dataplane/httplocclient.go (NEW)
- internal/storage/dataplane/httplocclient_test.go (NEW)
- test/integration/storage_distribution_test.go (+124 lines: TestHTTPLocationClient_WiredIntoLocalDataPlane + mock helpers)

## Gate 1: go build ./internal/... ./test/...
EXIT=0

## Gate 2: go vet ./internal/storage/dataplane/... ./test/integration/...
EXIT=0

## Gate 3: go test ./internal/storage/dataplane/... ./internal/node/jwt/...
=== RUN   TestHTTPLocationClient_200_ParsesLocations
--- PASS: TestHTTPLocationClient_200_ParsesLocations (0.00s)
=== RUN   TestHTTPLocationClient_404_ReturnsEmptySlice
--- PASS: TestHTTPLocationClient_404_ReturnsEmptySlice (0.00s)
=== RUN   TestHTTPLocationClient_401_ReturnsError
--- PASS: TestHTTPLocationClient_401_ReturnsError (0.00s)
=== RUN   TestHTTPLocationClient_500_ReturnsError
--- PASS: TestHTTPLocationClient_500_ReturnsError (0.00s)
=== RUN   TestHTTPLocationClient_403_ReturnsError
--- PASS: TestHTTPLocationClient_403_ReturnsError (0.00s)
=== RUN   TestHTTPLocationClient_JWTProviderInvokedPerCall
--- PASS: TestHTTPLocationClient_JWTProviderInvokedPerCall (0.00s)
=== RUN   TestHTTPLocationClient_EmptyJWTStillSendsBearerHeader
--- PASS: TestHTTPLocationClient_EmptyJWTStillSendsBearerHeader (0.00s)
=== RUN   TestHTTPLocationClient_NilJWTProviderErrorsClosed
--- PASS: TestHTTPLocationClient_NilJWTProviderErrorsClosed (0.00s)
=== RUN   TestHTTPLocationClient_DefaultTimeoutConfigurable
--- PASS: TestHTTPLocationClient_DefaultTimeoutConfigurable (0.05s)
=== RUN   TestHTTPLocationClient_ContextCancellationPropagates
--- PASS: TestHTTPLocationClient_ContextCancellationPropagates (0.00s)
=== RUN   TestFetchBlobLocal_Success
--- PASS: TestFetchBlobLocal_Success (0.00s)
=== RUN   TestFetchBlobLocal_403ReturnsBanSignal
--- PASS: TestFetchBlobLocal_403ReturnsBanSignal (0.00s)
=== RUN   TestFetchBlobLocal_405ReturnsBanSignal
--- PASS: TestFetchBlobLocal_405ReturnsBanSignal (0.00s)
=== RUN   TestFetchBlobLocal_429ReturnsBanSignal
--- PASS: TestFetchBlobLocal_429ReturnsBanSignal (0.00s)
=== RUN   TestFetchBlobLocal_NilCtxDoesNotPanic
--- PASS: TestFetchBlobLocal_NilCtxDoesNotPanic (0.00s)
=== RUN   TestFetchBlobLocal_NoLocations
--- PASS: TestFetchBlobLocal_NoLocations (0.00s)
=== RUN   TestFetchBlobLocal_NoMatchingAccountLocation
--- PASS: TestFetchBlobLocal_NoMatchingAccountLocation (0.00s)
=== RUN   TestFetchBlobLocal_Non200Status
--- PASS: TestFetchBlobLocal_Non200Status (0.00s)
=== RUN   TestFetchBlobLocal_MetadataError
--- PASS: TestFetchBlobLocal_MetadataError (0.00s)
=== RUN   TestFetchBlobLocal_RequestHeaders
--- PASS: TestFetchBlobLocal_RequestHeaders (0.00s)
PASS
ok  	github.com/shlande/mediaworker/internal/storage/dataplane	0.626s
=== RUN   TestJWT_SignAndVerify
--- PASS: TestJWT_SignAndVerify (0.00s)
=== RUN   TestJWT_Expired
--- PASS: TestJWT_Expired (0.00s)
=== RUN   TestJWT_InvalidSignature
--- PASS: TestJWT_InvalidSignature (0.00s)
=== RUN   TestJWT_PeerIDMismatch
--- PASS: TestJWT_PeerIDMismatch (0.00s)
=== RUN   TestJWT_L4Whitelist
--- PASS: TestJWT_L4Whitelist (0.00s)
=== RUN   TestJWT_RateLimit
--- PASS: TestJWT_RateLimit (0.00s)
=== RUN   TestJWT_Dedup
=== RUN   TestJWT_Dedup/reject_stale_(new_Exp_<_existing)
=== RUN   TestJWT_Dedup/accept_fresher_(new_Exp_>_existing)
=== RUN   TestJWT_Dedup/skip_duplicate_(new_Exp_==_existing)
--- PASS: TestJWT_Dedup (0.01s)
    --- PASS: TestJWT_Dedup/reject_stale_(new_Exp_<_existing) (0.00s)
    --- PASS: TestJWT_Dedup/accept_fresher_(new_Exp_>_existing) (0.00s)
    --- PASS: TestJWT_Dedup/skip_duplicate_(new_Exp_==_existing) (0.00s)
=== RUN   TestJWT_PushProtocol
--- PASS: TestJWT_PushProtocol (0.00s)
=== RUN   TestJWT_ClientIntegration
--- PASS: TestJWT_ClientIntegration (0.00s)
=== RUN   TestJWT_ClientRetryDegraded
2026/07/19 02:03:38 jwt client: entering degraded mode: jwt client: post: Post "http://127.0.0.1:19999/v1/node/jwt": dial tcp 127.0.0.1:19999: connect: connection refused
--- PASS: TestJWT_ClientRetryDegraded (1.03s)
=== RUN   TestRateLimiter_Allow
--- PASS: TestRateLimiter_Allow (0.00s)
=== RUN   TestPeerIdSet_Basic
--- PASS: TestPeerIdSet_Basic (0.00s)
=== RUN   TestAuditLog_Log
--- PASS: TestAuditLog_Log (0.00s)
=== RUN   TestAuditLog_NilWriter
--- PASS: TestAuditLog_NilWriter (0.00s)
=== RUN   TestJWT_ClientSendsDeclaredCapabilities
--- PASS: TestJWT_ClientSendsDeclaredCapabilities (0.00s)
=== RUN   TestJWT_CurrentJWT_EmptyInitially
--- PASS: TestJWT_CurrentJWT_EmptyInitially (0.00s)
=== RUN   TestJWT_RefreshLoopFiresMultipleTimes
--- PASS: TestJWT_RefreshLoopFiresMultipleTimes (0.70s)
=== RUN   TestJWT_RefreshLoopToleratesServerErrors
--- PASS: TestJWT_RefreshLoopToleratesServerErrors (0.25s)
PASS
ok  	github.com/shlande/mediaworker/internal/node/jwt	2.360s
EXIT=0

## Gate 4: go test -race ./internal/storage/dataplane/... ./internal/node/jwt/...
ok  	github.com/shlande/mediaworker/internal/storage/dataplane	(cached)
ok  	github.com/shlande/mediaworker/internal/node/jwt	(cached)
EXIT=0

## Gate 5: integration test for HTTPLocationClient wiring
=== RUN   TestHTTPLocationClient_WiredIntoLocalDataPlane
--- PASS: TestHTTPLocationClient_WiredIntoLocalDataPlane (0.00s)
PASS
ok  	github.com/shlande/mediaworker/test/integration	0.568s
EXIT=0

## Gate 6: CurrentJWT non-empty after successful request (pre-existing test from T7)
=== RUN   TestJWT_ClientIntegration
--- PASS: TestJWT_ClientIntegration (0.00s)
=== RUN   TestJWT_CurrentJWT_EmptyInitially
--- PASS: TestJWT_CurrentJWT_EmptyInitially (0.00s)
PASS
ok  	github.com/shlande/mediaworker/internal/node/jwt	0.366s
EXIT=0

## Pre-existing build failure (NOT T10): cmd/ingest-worker
Reason: T8/T14 work-in-progress in shared working tree modified cmd/ingest-worker/main.go
Evidence: git diff shows T8/T14 markers (syncpub, BuildFromConfig, sync channel wiring)
T10 did NOT touch cmd/ingest-worker/main.go — confirmed via git diff --stat.

## Branch test coverage (4 required + extras)
- 200 → parses []types.BlobLocation: TestHTTPLocationClient_200_ParsesLocations
- 404 → empty slice, no error: TestHTTPLocationClient_404_ReturnsEmptySlice
- 401 → error: TestHTTPLocationClient_401_ReturnsError
- 500 → error: TestHTTPLocationClient_500_ReturnsError
- 403 → error (extra, mirrors CP contract): TestHTTPLocationClient_403_ReturnsError
- jwtProvider invoked per call: TestHTTPLocationClient_JWTProviderInvokedPerCall
- empty JWT still sends Bearer: TestHTTPLocationClient_EmptyJWTStillSendsBearerHeader
- nil jwtProvider fails closed: TestHTTPLocationClient_NilJWTProviderErrorsClosed
- timeout configurable: TestHTTPLocationClient_DefaultTimeoutConfigurable
- context cancellation propagates: TestHTTPLocationClient_ContextCancellationPropagates
- integration wiring at NewLocalDataPlane: TestHTTPLocationClient_WiredIntoLocalDataPlane
