=== T20 Review-Remediation Evidence ===
Date: 2026-07-18T18:49:57Z

## Gate 1: go build ./cmd/...
EXIT=0

## Gate 2: go test ./internal/node/monitor/...
ok  	github.com/shlande/mediaworker/internal/node/monitor	(cached)
EXIT=0

## Gate 3 (extended): go test ./internal/controlplane/jwt/...
ok  	github.com/shlande/mediaworker/internal/controlplane/jwt	(cached)
EXIT=0

## Gate 4 (extended): go test ./internal/controlplane/pinstrategy/...
ok  	github.com/shlande/mediaworker/internal/controlplane/pinstrategy	(cached)
EXIT=0

## Gate 5 (extended): go test ./cmd/edge-node/... ./cmd/ingest-worker/...
ok  	github.com/shlande/mediaworker/cmd/edge-node	(cached)
ok  	github.com/shlande/mediaworker/cmd/ingest-worker	(cached)
EXIT=0

## Gate 6 (extended): go test ./internal/node/backhaul/...
ok  	github.com/shlande/mediaworker/internal/node/backhaul	(cached)
EXIT=0

## T20 monitor tests verbose
=== RUN   TestMetrics_HTTPHandler_Returns200AndKeyMetricNames
--- PASS: TestMetrics_HTTPHandler_Returns200AndKeyMetricNames (0.00s)
=== RUN   TestMetrics_T20CountersIncrement
--- PASS: TestMetrics_T20CountersIncrement (0.00s)
=== RUN   TestMetrics_HTTPHandler
--- PASS: TestMetrics_HTTPHandler (0.00s)
=== RUN   TestMetrics_AllMetricsExposed
--- PASS: TestMetrics_AllMetricsExposed (0.00s)
PASS
ok  	github.com/shlande/mediaworker/internal/node/monitor	0.292s

## T20 CP tests verbose
=== RUN   TestRegisterMetricsHandler_MountsAndGetMetrics
--- PASS: TestRegisterMetricsHandler_MountsAndGetMetrics (0.02s)
=== RUN   TestRegisterMetricsHandler_NoRegistrationMeans404
--- PASS: TestRegisterMetricsHandler_NoRegistrationMeans404 (0.00s)
PASS
ok  	github.com/shlande/mediaworker/internal/controlplane/jwt	0.310s

## T20 edge-node tests verbose
=== RUN   TestEdgeNode_MetricsHTTPHandler_Returns200AndKeyNames
--- PASS: TestEdgeNode_MetricsHTTPHandler_Returns200AndKeyNames (0.00s)
PASS
ok  	github.com/shlande/mediaworker/cmd/edge-node	0.382s

## T20 ingest-worker tests verbose
=== RUN   TestIngestWorker_MetricsEndpoint_Returns200AndKeyNames
--- PASS: TestIngestWorker_MetricsEndpoint_Returns200AndKeyNames (0.00s)
=== RUN   TestIngestWorker_MetricsEndpoint_ReflectsPublishFailures
--- PASS: TestIngestWorker_MetricsEndpoint_ReflectsPublishFailures (0.00s)
=== RUN   TestIngestWorker_HandleIngest_NilMetricsNoPanic
--- PASS: TestIngestWorker_HandleIngest_NilMetricsNoPanic (0.00s)
PASS
ok  	github.com/shlande/mediaworker/cmd/ingest-worker	0.356s
